root - INFO - R2score_train: 0.8528397083282471 left: 0 right: 15 y_i: 0 nd_mean_2021-04-15
root - INFO - cuda_memory: 0 loss: [0.011532912962138653, 0.007253867574036121, 0.006964040920138359, 0.002647184068337083, 0.0011639560107141733, 0.001318813767284155, 0.0017479471862316132, 0.0020449268631637096, 0.0018516120035201311, 0.0022912081331014633, 0.002174782333895564, 0.0015997497830539942, 0.0016657211817800999, 0.0011086168233305216, 0.001507778069935739, 0.0014573117950931191, 0.0019161202944815159, 0.0013812826946377754, 0.0019100430654361844, 0.0012296340428292751]
root - INFO - R2score_train: 0.8135024309158325 left: 0 right: 15 y_i: 1 nd_mean_2021-04-16
root - INFO - cuda_memory: 0 loss: [0.012652451172471046, 0.010396415367722511, 0.011837312951683998, 0.011564119718968868, 0.009806792251765728, 0.008224532008171082, 0.004069645423442125, 0.0026000982616096735, 0.0021394742652773857, 0.002373479073867202, 0.0017197774723172188, 0.002505155513063073, 0.0021929286886006594, 0.0022407672367990017, 0.003715872298926115, 0.0029052540194243193, 0.0019783645402640104, 0.0020538647659122944, 0.002100742422044277, 0.0019006443908438087]
root - INFO - R2score_train: 0.8942400813102722 left: 0 right: 15 y_i: 2 nd_mean_2021-04-18
root - INFO - cuda_memory: 0 loss: [0.017081554979085922, 0.005250334739685059, 0.003874683054164052, 0.0023849140852689743, 0.0016209915047511458, 0.001476317411288619, 0.0015260751824826002, 0.0014599300920963287, 0.0012829172192141414, 0.0012955392012372613, 0.0016122165834531188, 0.0013331609079614282, 0.0015327328583225608, 0.0011703787604346871, 0.001543179852887988, 0.0012522778706625104, 0.0009666241239756346, 0.0012073905672878027, 0.001661766553297639, 0.0010378042934462428]
root - INFO - R2score_train: 0.8618363738059998 left: 0 right: 15 y_i: 3 nd_mean_2021-04-19
root - INFO - cuda_memory: 0 loss: [0.02115778438746929, 0.016000255942344666, 0.010190173052251339, 0.006756098475307226, 0.007048093248158693, 0.004577583633363247, 0.003076035063713789, 0.00325384340249002, 0.0024163948837667704, 0.001665174262598157, 0.0015289789298549294, 0.0013611213071271777, 0.001924511743709445, 0.0014443894615396857, 0.0013457114109769464, 0.0012254847679287195, 0.0018015692476183176, 0.0013767594937235117, 0.001312370877712965, 0.0011835232144221663]
root - INFO - R2score_train: 0.8410485982894897 left: 0 right: 15 y_i: 4 nd_mean_2021-04-20
root - INFO - cuda_memory: 0 loss: [0.019545486196875572, 0.006421306636184454, 0.004593666642904282, 0.0038484286051243544, 0.003219695296138525, 0.0032128063030540943, 0.00347715150564909, 0.002483129035681486, 0.0030462914146482944, 0.002286243252456188, 0.002560427412390709, 0.0026232092641294003, 0.00195433315820992, 0.001965954666957259, 0.0020901146344840527, 0.001433616504073143, 0.0016787401400506496, 0.0017736527370288968, 0.00212388695217669, 0.0017446476267650723]
root - INFO - R2score_train: 0.908007800579071 left: 0 right: 15 y_i: 5 nd_mean_2021-04-22
root - INFO - cuda_memory: 0 loss: [0.018956134095788002, 0.0043472107499837875, 0.003908810205757618, 0.007252802606672049, 0.0029167216271162033, 0.0033716452307999134, 0.0019106068648397923, 0.0030324053950607777, 0.0024233488366007805, 0.0011837322963401675, 0.0010042316280305386, 0.0016903806244954467, 0.0019397619180381298, 0.0013536823680624366, 0.0019380886806175113, 0.0021741585806012154, 0.0007986404816620052, 0.002032431773841381, 0.003848226508125663, 0.0020956776570528746]
root - INFO - R2score_train: -0.0001131296157836914 left: 0 right: 15 y_i: 6 nd_mean_2021-04-23
root - INFO - cuda_memory: 0 loss: [0.007163819391280413, 0.0066034672781825066, 0.005710306577384472, 0.007269864436239004, 0.006259522866457701, 0.008523646742105484, 0.0066162594594061375, 0.006461897399276495, 0.0067000011913478374, 0.005157677456736565, 0.0060890899039804935, 0.005840280093252659, 0.00679925037547946, 0.008504103869199753, 0.006331108044832945, 0.00529724545776844, 0.006460084114223719, 0.005916026420891285, 0.0067135985009372234, 0.006165062543004751]
root - INFO - R2score_train: 4.172325134277344e-07 left: 0 right: 15 y_i: 7 nd_mean_2021-04-25
root - INFO - cuda_memory: 0 loss: [0.020544232800602913, 0.013156714849174023, 0.008023664355278015, 0.010669449344277382, 0.011587304063141346, 0.009728786535561085, 0.009261605329811573, 0.007807769346982241, 0.008990629576146603, 0.00974326767027378, 0.013120199553668499, 0.009738524444401264, 0.008638802915811539, 0.014166970737278461, 0.012371482327580452, 0.007718872278928757, 0.01247873529791832, 0.008865886367857456, 0.008627736009657383, 0.013249075040221214]
root - INFO - R2score_train: -0.0003942251205444336 left: 1 right: 16 y_i: 7 nd_mean_2021-04-26
root - INFO - cuda_memory: 0 loss: [0.02393721044063568, 0.013077622279524803, 0.013199198991060257, 0.015174927189946175, 0.014027738012373447, 0.010665928944945335, 0.013471786864101887, 0.012047592550516129, 0.013401182368397713, 0.013877622783184052, 0.015045012347400188, 0.01336830947548151, 0.012585777789354324, 0.013816667720675468, 0.015070842579007149, 0.013207805342972279, 0.01333965826779604, 0.013227195478975773, 0.013843383640050888, 0.014990168623626232]
root - INFO - R2score_train: 0.8514916896820068 left: 2 right: 17 y_i: 7 nd_mean_2021-04-27
root - INFO - cuda_memory: 0 loss: [0.008998573757708073, 0.011126149445772171, 0.013040619902312756, 0.014622151851654053, 0.003165647154673934, 0.004722301382571459, 0.0019302378641441464, 0.002080452162772417, 0.0014120193663984537, 0.0023800646886229515, 0.001989552518352866, 0.001970032462850213, 0.0014023154508322477, 0.0013813276309520006, 0.0023252780083566904, 0.0011423177784308791, 0.0008175941184163094, 0.00210381462238729, 0.0007211478659883142, 0.002011863747611642]
root - INFO - R2score_train: 0.90177321434021 left: 3 right: 18 y_i: 7 nd_mean_2021-04-28
root - INFO - cuda_memory: 0 loss: [0.011365451849997044, 0.005811077542603016, 0.002732692752033472, 0.0024608576204627752, 0.0021836499217897654, 0.0023475312627851963, 0.0021415301598608494, 0.0016645487630739808, 0.004200374707579613, 0.003909160383045673, 0.001451223506592214, 0.001093774801120162, 0.0009247498237527907, 0.0008237918955273926, 0.002509767422452569, 0.0015295632183551788, 0.0036414775531738997, 0.005189166869968176, 0.00023619478452019393, 0.0018001730786636472]
root - INFO - R2score_train: 0.8865200877189636 left: 4 right: 19 y_i: 7 nd_mean_2021-04-29
root - INFO - cuda_memory: 0 loss: [0.010820992290973663, 0.0063521647825837135, 0.005188535433262587, 0.0018497498240321875, 0.0016255128430202603, 0.0014378323685377836, 0.0020229376386851072, 0.0012748066801577806, 0.0014995501842349768, 0.001304794568568468, 0.001070215366780758, 0.0014746434753760695, 0.001329568913206458, 0.001892370986752212, 0.0011859382502734661, 0.0011966036399826407, 0.0011329061817377806, 0.0010819160379469395, 0.0009150748956017196, 0.0012400222476571798]
root - INFO - R2score_train: 0.9115644097328186 left: 5 right: 20 y_i: 7 nd_mean_2021-04-30
root - INFO - cuda_memory: 0 loss: [0.04366117715835571, 0.006620123516768217, 0.004769050516188145, 0.0013838241575285792, 0.0014681204920634627, 0.001317079528234899, 0.0018454348901286721, 0.0010582181857898831, 0.001076570013538003, 0.0011595857795327902, 0.0015083089238032699, 0.001166213653050363, 0.0012075483100488782, 0.0011973670916631818, 0.0012416450772434473, 0.0009937041904777288, 0.0014261567266657948, 0.001053397892974317, 0.0014518044190481305, 0.0011075311340391636]
root - INFO - R2score_train: 0.8929370045661926 left: 6 right: 21 y_i: 7 nd_mean_2021-05-01
root - INFO - cuda_memory: 0 loss: [0.010377196595072746, 0.002376967342570424, 0.002375044161453843, 0.002160624135285616, 0.0016591815510764718, 0.001278602285310626, 0.003367691533640027, 0.0018805781146511436, 0.0017597114201635122, 0.001987024676054716, 0.0015372525667771697, 0.001250886358320713, 0.0012442711740732193, 0.0014963026624172926, 0.0011417336063459516, 0.0014803888043388724, 0.001585518941283226, 0.0015599157195538282, 0.001561423297971487, 0.0018679957138374448]
root - INFO - R2score_train: 0.9237344861030579 left: 7 right: 22 y_i: 7 nd_mean_2021-05-02
root - INFO - cuda_memory: 0 loss: [0.0315084271132946, 0.004870937205851078, 0.003578442381694913, 0.00204296363517642, 0.002025862457230687, 0.0016484688967466354, 0.001569585525430739, 0.0016099994536489248, 0.0014312064740806818, 0.0015698665520176291, 0.0016710469499230385, 0.0014291604747995734, 0.0012573415879160166, 0.0013291032519191504, 0.0015538980951532722, 0.0015373711939901114, 0.001469582086429, 0.0013618050143122673, 0.0015520694432780147, 0.0012355672661215067]
root - INFO - R2score_train: 0.06786710023880005 left: 8 right: 23 y_i: 7 nd_mean_2021-05-03
root - INFO - cuda_memory: 0 loss: [0.03837208077311516, 0.008862381801009178, 0.006107169669121504, 0.008808447979390621, 0.006598213221877813, 0.008066536858677864, 0.008944871835410595, 0.009939638897776604, 0.008120314218103886, 0.007624845020473003, 0.008243827149271965, 0.008834595791995525, 0.007097979076206684, 0.006429674569517374, 0.006509230472147465, 0.009966373443603516, 0.007326873019337654, 0.006927290465682745, 0.009044326841831207, 0.007307109888643026]
root - INFO - R2score_train: 0.7831071615219116 left: 9 right: 24 y_i: 7 nd_mean_2021-05-04
root - INFO - cuda_memory: 0 loss: [0.015090725384652615, 0.006267145276069641, 0.0050171720795333385, 0.004150828812271357, 0.003516240743920207, 0.0033437353558838367, 0.0029291026294231415, 0.0021896290127187967, 0.002066133078187704, 0.0021602637134492397, 0.0022990850266069174, 0.0022068070247769356, 0.0019287447212263942, 0.0018283437239006162, 0.0019106987165287137, 0.001726434682495892, 0.0022327580954879522, 0.0019443950150161982, 0.001957170432433486, 0.002024485496804118]
root - INFO - R2score_train: -2.384185791015625e-07 left: 10 right: 25 y_i: 7 nd_mean_2021-05-07
root - INFO - cuda_memory: 0 loss: [0.008386724628508091, 0.0184479933232069, 0.00588309857994318, 0.009189249947667122, 0.011847970075905323, 0.007085333578288555, 0.006514458917081356, 0.005347229540348053, 0.006400343030691147, 0.007606783416122198, 0.03522884100675583, 0.020684320479631424, 0.02894308790564537, 0.006756223738193512, 0.004997508134692907, 0.004333436489105225, 0.007389780133962631, 0.006576783023774624, 0.011041603982448578, 0.007727585732936859]
root - INFO - R2score_train: 0.8163196444511414 left: 11 right: 26 y_i: 7 nd_mean_2021-05-08
root - INFO - cuda_memory: 0 loss: [0.011996506713330746, 0.012469712644815445, 0.009898790158331394, 0.014084802940487862, 0.007134074345231056, 0.0051340218633413315, 0.004853724967688322, 0.0035662369336932898, 0.003173583885654807, 0.003174036741256714, 0.0027636883314698935, 0.0020361384376883507, 0.0018203086219727993, 0.001963872229680419, 0.0021545193158090115, 0.002449002582579851, 0.0017142704455181956, 0.0019330831710249186, 0.0024790153838694096, 0.0021684649400413036]
root - INFO - R2score_train: 0.7093005180358887 left: 12 right: 27 y_i: 7 nd_mean_2021-05-09
root - INFO - cuda_memory: 0 loss: [0.038351695984601974, 0.006467989180237055, 0.006133539602160454, 0.0038673763629049063, 0.003730937372893095, 0.004286207724362612, 0.003943328745663166, 0.004664804320782423, 0.005879597272723913, 0.00619077542796731, 0.00651257298886776, 0.004056201316416264, 0.003158762352541089, 0.002108949003741145, 0.0031117910984903574, 0.00372201856225729, 0.0039340960793197155, 0.0030805279966443777, 0.003929366357624531, 0.0037866979837417603]
root - INFO - R2score_train: 0.939081609249115 left: 13 right: 28 y_i: 7 nd_mean_2021-05-10
root - INFO - cuda_memory: 0 loss: [0.017932849004864693, 0.0021805313881486654, 0.0033953366801142693, 0.004774270113557577, 0.005562398117035627, 8.455492934444919e-05, 0.0017669781809672713, 0.0005191050586290658, 0.00040116184391081333, 0.003671537386253476, 0.010966294445097446, 0.0006597870378755033, 0.002979727229103446, 0.01558662485331297, 0.0009621182107366621, 0.017293181270360947, 0.0008726829546503723, 0.001071903039701283, 0.006915854290127754, 0.007605690509080887]
root - INFO - R2score_train: 0.9495742917060852 left: 14 right: 29 y_i: 7 nd_mean_2021-05-15
root - INFO - cuda_memory: 0 loss: [0.03230820968747139, 0.007815456949174404, 0.0027043663430958986, 0.002925967099145055, 0.0020470963791012764, 0.002223377348855138, 0.002124343067407608, 0.0029379345942288637, 0.0020541532430797815, 0.002542944857850671, 0.0022966410033404827, 0.002168607199564576, 0.0022937955800443888, 0.0037071469705551863, 0.002213036175817251, 0.002372477203607559, 0.0022511687129735947, 0.0022452527191489935, 0.0020003044046461582, 0.0018249867716804147]
root - INFO - R2score_train: 0.9184852838516235 left: 15 right: 30 y_i: 7 nd_mean_2021-05-16
root - INFO - cuda_memory: 0 loss: [0.014123865403234959, 0.006935081444680691, 0.008736442774534225, 0.00529640493914485, 0.005336907226592302, 0.005467376671731472, 0.006083837244659662, 0.0051156580448150635, 0.004662038758397102, 0.003554895520210266, 0.0026675877161324024, 0.005784942768514156, 0.0029275508131831884, 0.002976013347506523, 0.003587639657780528, 0.0026197917759418488, 0.0017976812086999416, 0.003606400452554226, 0.0025635682977735996, 0.0023390245623886585]
root - INFO - R2score_train: 0.9218783378601074 left: 16 right: 31 y_i: 7 nd_mean_2021-05-17
root - INFO - cuda_memory: 0 loss: [0.019824352115392685, 0.005486640147864819, 0.0046308315359056, 0.0033613110426813364, 0.003932387568056583, 0.002787885721772909, 0.002581835724413395, 0.003436504863202572, 0.0030037234537303448, 0.0035561607219278812, 0.002523647854104638, 0.004179821815341711, 0.0038733112160116434, 0.0024694139137864113, 0.002941146958619356, 0.003100267145782709, 0.0023394362069666386, 0.003496662713587284, 0.004076049663126469, 0.0029379590414464474]
root - INFO - R2score_train: 0.9167924523353577 left: 17 right: 32 y_i: 7 nd_mean_2021-05-19
root - INFO - cuda_memory: 0 loss: [0.01507191639393568, 0.007253625430166721, 0.006226894911378622, 0.005693111568689346, 0.005996835883706808, 0.004503845702856779, 0.004858193453401327, 0.004476406145840883, 0.004495091270655394, 0.004671404603868723, 0.0037435719277709723, 0.003231715876609087, 0.0030782665126025677, 0.004055943805724382, 0.0036872457712888718, 0.002850047079846263, 0.0029162243008613586, 0.002774602733552456, 0.0032386863604187965, 0.0028056532610207796]
root - INFO - R2score_train: -3.5762786865234375e-06 left: 18 right: 33 y_i: 7 nd_mean_2021-05-20
root - INFO - cuda_memory: 0 loss: [0.031192850321531296, 0.03962063416838646, 0.03239314258098602, 0.03584922477602959, 0.0380837544798851, 0.03823387622833252, 0.04210285842418671, 0.0422842837870121, 0.0301953237503767, 0.031261563301086426, 0.02884821966290474, 0.03304293379187584, 0.03712564706802368, 0.029398448765277863, 0.0340481698513031, 0.028590289875864983, 0.028832444921135902, 0.03609420731663704, 0.03669123351573944, 0.03989274799823761]
root - INFO - R2score_train: 0.8786009550094604 left: 19 right: 34 y_i: 7 nd_mean_2021-05-21
root - INFO - cuda_memory: 0 loss: [0.040465082973241806, 0.005082616116851568, 0.0047113304026424885, 0.0033181626349687576, 0.005581812933087349, 0.004073925316333771, 0.0039052607025951147, 0.005479524377733469, 0.0035408413968980312, 0.004008523654192686, 0.002535671927034855, 0.003659352660179138, 0.00456603430211544, 0.004040167201310396, 0.004758419003337622, 0.0038744753692299128, 0.004187083337455988, 0.002959071658551693, 0.0032493839971721172, 0.0037335401866585016]
root - INFO - R2score_train: 0.8694594502449036 left: 20 right: 35 y_i: 7 nd_mean_2021-05-24
root - INFO - cuda_memory: 0 loss: [0.05870237946510315, 0.01682250015437603, 0.020432855933904648, 0.016508620232343674, 0.007323663681745529, 0.0063100894913077354, 0.006271461956202984, 0.005526586901396513, 0.004001544322818518, 0.0035772621631622314, 0.00352630577981472, 0.004032838623970747, 0.004139491822570562, 0.0032422018703073263, 0.004170606378465891, 0.0025958605110645294, 0.00399204483255744, 0.0033713795710355043, 0.003070959122851491, 0.004387847147881985]
root - INFO - R2score_train: 0.9359830617904663 left: 21 right: 36 y_i: 7 nd_mean_2021-05-26
root - INFO - cuda_memory: 0 loss: [0.1077972799539566, 0.013787653297185898, 0.007239239290356636, 0.004676603712141514, 0.004550818353891373, 0.003318869974464178, 0.0029779074247926474, 0.004341750405728817, 0.005177669692784548, 0.004410522524267435, 0.003719969419762492, 0.0044820415787398815, 0.0038204514421522617, 0.00487497728317976, 0.0031874431297183037, 0.0056623429991304874, 0.0035172123461961746, 0.0032588897738605738, 0.0032651256769895554, 0.0030811657197773457]
root - INFO - R2score_train: 0.9124584197998047 left: 22 right: 37 y_i: 7 nd_mean_2021-05-27
root - INFO - cuda_memory: 0 loss: [0.029293691739439964, 0.017165960744023323, 0.010484913364052773, 0.007698801811784506, 0.006683080457150936, 0.006690119858831167, 0.007521497085690498, 0.009277841076254845, 0.008062406443059444, 0.007565313950181007, 0.008007791824638844, 0.0070225028321146965, 0.0077147576957941055, 0.004326385445892811, 0.0038856605533510447, 0.0028162794187664986, 0.004481231793761253, 0.010834944434463978, 0.006536862347275019, 0.006199784576892853]
root - INFO - R2score_train: 0.9551952481269836 left: 23 right: 38 y_i: 7 nd_mean_2021-05-29
root - INFO - cuda_memory: 0 loss: [0.024093573912978172, 0.007370507810264826, 0.003587533487007022, 0.0045412760227918625, 0.0030382589902728796, 0.003962313756346703, 0.0040137567557394505, 0.003430343931540847, 0.002805317984893918, 0.00352999335154891, 0.003041948424652219, 0.002739363582804799, 0.004476521629840136, 0.0030199179891496897, 0.003970965277403593, 0.0024637840688228607, 0.003440969856455922, 0.002782084047794342, 0.0032307731453329325, 0.0027456858661025763]
root - INFO - R2score_train: 0.9200498461723328 left: 24 right: 39 y_i: 7 nd_mean_2021-06-02
root - INFO - cuda_memory: 0 loss: [0.060194093734025955, 0.02223602868616581, 0.01148344948887825, 0.0051061795093119144, 0.00332503579556942, 0.003244709223508835, 0.0033328693825751543, 0.0036759430076926947, 0.0037242365069687366, 0.005344116594642401, 0.004164690151810646, 0.0030213522259145975, 0.00663371104747057, 0.002973769325762987, 0.003239181125536561, 0.0031752935610711575, 0.0031327269971370697, 0.0037134839221835136, 0.0038252484519034624, 0.0022995059844106436]
root - INFO - R2score_train: 0.943962037563324 left: 25 right: 40 y_i: 7 nd_mean_2021-06-03
root - INFO - cuda_memory: 0 loss: [0.021977147087454796, 0.017054779455065727, 0.012565183453261852, 0.010814100503921509, 0.012858036905527115, 0.010640122927725315, 0.011903896927833557, 0.008238266222178936, 0.008509846404194832, 0.008777156472206116, 0.010550431907176971, 0.006572436075657606, 0.0030058918055146933, 0.004065871238708496, 0.0029321659822016954, 0.0028725226875394583, 0.004046822432428598, 0.0033789684530347586, 0.0033242059871554375, 0.003528795437887311]
root - INFO - R2score_train: 0.900794267654419 left: 26 right: 41 y_i: 7 nd_mean_2021-06-04
root - INFO - cuda_memory: 0 loss: [0.03559178486466408, 0.009930480271577835, 0.0073614767752587795, 0.00920147355645895, 0.005078868009150028, 0.00829496793448925, 0.006932551506906748, 0.0037339068949222565, 0.005465780850499868, 0.006338058039546013, 0.004989140667021275, 0.005582587327808142, 0.006023791618645191, 0.00994330458343029, 0.004799047019332647, 0.005644707940518856, 0.006222479045391083, 0.007567164488136768, 0.005392536986619234, 0.005597132723778486]
root - INFO - R2score_train: 0.801527738571167 left: 27 right: 42 y_i: 7 nd_mean_2021-06-05
root - INFO - cuda_memory: 0 loss: [0.03463992848992348, 0.03203907981514931, 0.005949120502918959, 0.006909634917974472, 0.010696484707295895, 0.005679703317582607, 0.009439331479370594, 0.007822500541806221, 0.0066923340782523155, 0.00556162279099226, 0.005358532071113586, 0.00568764191120863, 0.005292620975524187, 0.0050911265425384045, 0.004785455297678709, 0.004440119490027428, 0.004738977644592524, 0.004194527864456177, 0.006445128004997969, 0.00478593772277236]
root - INFO - R2score_train: 0.9331886768341064 left: 28 right: 43 y_i: 7 nd_mean_2021-06-06
root - INFO - cuda_memory: 0 loss: [0.023031052201986313, 0.017611335963010788, 0.006582907401025295, 0.00829832348972559, 0.0088481605052948, 0.011474015191197395, 0.009447718970477581, 0.004517723340541124, 0.004611655604094267, 0.0045913513749837875, 0.003665550844743848, 0.003977281041443348, 0.00434282049536705, 0.0031293444335460663, 0.005334903486073017, 0.0036121001467108727, 0.003375312779098749, 0.003889614250510931, 0.00328403920866549, 0.003962469752877951]
root - INFO - R2score_train: 0.9440581798553467 left: 29 right: 44 y_i: 7 nd_mean_2021-06-07
root - INFO - cuda_memory: 0 loss: [0.024186430498957634, 0.030144214630126953, 0.007083873730152845, 0.00960895698517561, 0.012537903152406216, 0.02504964917898178, 0.026781629770994186, 0.005594941321760416, 0.003910269122570753, 0.004127309657633305, 0.004157752264291048, 0.004425890743732452, 0.0029123532585799694, 0.002991427667438984, 0.0019856602884829044, 0.001522472477518022, 0.002365958411246538, 0.005043772980570793, 0.0035864391829818487, 0.0020344904623925686]
root - INFO - R2score_train: 0.9429750442504883 left: 30 right: 45 y_i: 7 nd_mean_2021-06-09
root - INFO - cuda_memory: 0 loss: [0.08350209146738052, 0.04036723077297211, 0.0420980229973793, 0.006392359733581543, 0.006547826342284679, 0.0052478499710559845, 0.003093736246228218, 0.0046218084171414375, 0.004979649093002081, 0.0030833433847874403, 0.005041349679231644, 0.004559971857815981, 0.003692302154377103, 0.0032204757444560528, 0.0036942530423402786, 0.003108186647295952, 0.0028564122039824724, 0.004255026578903198, 0.00557573139667511, 0.003378218738362193]
root - INFO - R2score_train: 0.9074264764785767 left: 31 right: 46 y_i: 7 nd_mean_2021-06-10
root - INFO - cuda_memory: 0 loss: [0.047538094222545624, 0.02248864807188511, 0.0057998341508209705, 0.005903845187276602, 0.00601222924888134, 0.004918667022138834, 0.00600980781018734, 0.004122938495129347, 0.004401539918035269, 0.0031315588857978582, 0.0028727061580866575, 0.0037487768568098545, 0.0029691203963011503, 0.004202242940664291, 0.005000247620046139, 0.006030644290149212, 0.0025593359023332596, 0.004396130796521902, 0.003240839345380664, 0.0044052633456885815]
root - INFO - R2score_train: 0.7885617017745972 left: 32 right: 47 y_i: 7 nd_mean_2021-06-12
root - INFO - cuda_memory: 0 loss: [0.027663666754961014, 0.007580478675663471, 0.004348228219896555, 0.004377441015094519, 0.004905687179416418, 0.0043874443508684635, 0.004099988844245672, 0.0033609061501920223, 0.0037285885773599148, 0.003593857167288661, 0.003993651829659939, 0.0032789118122309446, 0.0032615649979561567, 0.003429683856666088, 0.0035382872447371483, 0.003343661082908511, 0.0037445558700710535, 0.0033809978049248457, 0.003411627607420087, 0.0034217890352010727]
root - INFO - R2score_train: 0.8533485531806946 left: 33 right: 48 y_i: 7 nd_mean_2021-06-13
root - INFO - cuda_memory: 0 loss: [0.03572994843125343, 0.014491981826722622, 0.006948601920157671, 0.0059129539877176285, 0.00571971433237195, 0.0050070020370185375, 0.00561456149443984, 0.004824128933250904, 0.005079007241874933, 0.004984349478036165, 0.005321404431015253, 0.004731145221740007, 0.0036672356072813272, 0.005244475323706865, 0.0036511251237243414, 0.004298375453799963, 0.0038910540752112865, 0.0029994037467986345, 0.0036381790414452553, 0.004092545248568058]
root - INFO - R2score_train: 0.9365866780281067 left: 34 right: 49 y_i: 7 nd_mean_2021-06-16
root - INFO - cuda_memory: 0 loss: [0.01854976825416088, 0.0093916030600667, 0.005322272889316082, 0.007955477572977543, 0.005353900603950024, 0.010155370458960533, 0.005809678230434656, 0.006167460232973099, 0.00972104910761118, 0.00627419026568532, 0.012719272635877132, 0.004413199611008167, 0.008918962441384792, 0.011591766029596329, 0.009031837806105614, 0.004451305139809847, 0.0040834201499819756, 0.0064061544835567474, 0.004580702167004347, 0.0027402625419199467]
root - INFO - R2score_train: 0.9175977110862732 left: 35 right: 50 y_i: 7 nd_mean_2021-06-18
root - INFO - cuda_memory: 0 loss: [0.028114380314946175, 0.018982848152518272, 0.020621338859200478, 0.013637122698128223, 0.010076833888888359, 0.011402725242078304, 0.005846073850989342, 0.005079969763755798, 0.006423390936106443, 0.007513099350035191, 0.005852577276527882, 0.003731141099706292, 0.0027410760521888733, 0.0032802564091980457, 0.003557673655450344, 0.004626501817256212, 0.003232064889743924, 0.0032605419401079416, 0.0032075224444270134, 0.0030947839841246605]
root - INFO - R2score_train: 0.8788739442825317 left: 36 right: 51 y_i: 7 nd_mean_2021-06-19
root - INFO - cuda_memory: 0 loss: [0.09035958349704742, 0.014709502458572388, 0.01576385647058487, 0.006361332722008228, 0.0077161239460110664, 0.00796766858547926, 0.007163625676184893, 0.005216418299823999, 0.0051030744798481464, 0.004905266687273979, 0.004593775607645512, 0.0037721837870776653, 0.005396754946559668, 0.003719724714756012, 0.002123697893694043, 0.004344873130321503, 0.002610718598589301, 0.002841290784999728, 0.0033006365410983562, 0.0028731953352689743]
root - INFO - R2score_train: 0.8521440029144287 left: 37 right: 52 y_i: 7 nd_mean_2021-06-20
root - INFO - cuda_memory: 0 loss: [0.02555222250521183, 0.015078697353601456, 0.013983788900077343, 0.006089379079639912, 0.006742164958268404, 0.005861854646354914, 0.0063948859460651875, 0.005001694895327091, 0.003308272687718272, 0.004440522287040949, 0.0048704794608056545, 0.005363353993743658, 0.004018703009933233, 0.0029508054722100496, 0.005790522322058678, 0.0030146900098770857, 0.0026801053900271654, 0.003486387664452195, 0.0033818900119513273, 0.003071652026847005]
root - INFO - R2score_train: 0.8927773833274841 left: 38 right: 53 y_i: 7 nd_mean_2021-06-22
root - INFO - cuda_memory: 0 loss: [0.025959070771932602, 0.015517530031502247, 0.009901030920445919, 0.007489281240850687, 0.007077993359416723, 0.004353064578026533, 0.0052069262601435184, 0.0030582398176193237, 0.0032403282821178436, 0.003307211445644498, 0.0028859381563961506, 0.0037241389509290457, 0.0038051591254770756, 0.003573954338207841, 0.0031067626550793648, 0.0023991127964109182, 0.0022835927084088326, 0.0033048379700630903, 0.0019940719939768314, 0.003166410606354475]
root - INFO - R2score_train: 0.8847013711929321 left: 39 right: 54 y_i: 7 nd_mean_2021-06-25
root - INFO - cuda_memory: 0 loss: [0.022398147732019424, 0.007802723441272974, 0.006375104654580355, 0.00423819525167346, 0.002686274005100131, 0.004982975777238607, 0.0050910599529743195, 0.007281793747097254, 0.004242254886776209, 0.0037324170116335154, 0.006003270857036114, 0.006559791509062052, 0.0035170884802937508, 0.005751373711973429, 0.004092153627425432, 0.005022378172725439, 0.0055266791023314, 0.003008971456438303, 0.003651475766673684, 0.004462323151528835]
root - INFO - R2score_train: 0.9651986360549927 left: 40 right: 55 y_i: 7 nd_mean_2021-06-27
root - INFO - cuda_memory: 0 loss: [0.05625313147902489, 0.005683556664735079, 0.004606675822287798, 0.006630152463912964, 0.005591855850070715, 0.004796663299202919, 0.004013268742710352, 0.005229138303548098, 0.00382819352671504, 0.005143447779119015, 0.004232282750308514, 0.0034983025398105383, 0.0039003395941108465, 0.0031133871525526047, 0.0036905412562191486, 0.0034433817490935326, 0.002662676153704524, 0.0036228131502866745, 0.002706607338041067, 0.002581497421488166]
root - INFO - R2score_train: -2.777576446533203e-05 left: 41 right: 56 y_i: 7 nd_mean_2021-06-28
root - INFO - cuda_memory: 0 loss: [0.02743227407336235, 0.027927732095122337, 0.047160543501377106, 0.05188821628689766, 0.024642417207360268, 0.0480700246989727, 0.03940078243613243, 0.06633299589157104, 0.06296269595623016, 0.05255401134490967, 0.05208022519946098, 0.03467480093240738, 0.06043986231088638, 0.03547637164592743, 0.05963803455233574, 0.037973932921886444, 0.040026742964982986, 0.03712320700287819, 0.03280748799443245, 0.03531462699174881]
root - INFO - R2score_train: -1.1086463928222656e-05 left: 42 right: 57 y_i: 7 nd_mean_2021-07-04
root - INFO - cuda_memory: 0 loss: [0.034787826240062714, 0.04030623659491539, 0.028837943449616432, 0.01229292992502451, 0.008235621266067028, 0.02908286452293396, 0.024653198197484016, 0.017725622281432152, 0.022403215989470482, 0.006620682310312986, 0.04212023690342903, 0.04893764480948448, 0.02797144465148449, 0.015893736854195595, 0.08602244406938553, 0.024774840101599693, 0.042043719440698624, 0.07292523235082626, 0.03962405398488045, 0.0075002103112638]
root - INFO - R2score_train: 0.9363183975219727 left: 43 right: 58 y_i: 7 nd_mean_2021-07-05
root - INFO - cuda_memory: 0 loss: [0.022798042744398117, 0.0058472794480621815, 0.005444861948490143, 0.004892897326499224, 0.0036463404539972544, 0.004331693518906832, 0.0054626669734716415, 0.0031486786901950836, 0.004473553504794836, 0.003496352583169937, 0.0033919652923941612, 0.0067209647968411446, 0.0033549603540450335, 0.003957593347877264, 0.004965073894709349, 0.003438285319134593, 0.004021448083221912, 0.002731545129790902, 0.00436790706589818, 0.004041291307657957]
root - INFO - R2score_train: 0.8461698293685913 left: 44 right: 59 y_i: 7 nd_mean_2021-07-07
root - INFO - cuda_memory: 0 loss: [0.024692771956324577, 0.01051601767539978, 0.004814848303794861, 0.0051389290019869804, 0.004667659755796194, 0.007718299049884081, 0.003919701557606459, 0.004367350600659847, 0.00457939226180315, 0.005524622276425362, 0.0034427905920892954, 0.003740529762580991, 0.003740893444046378, 0.003779921680688858, 0.003741732332855463, 0.003454390447586775, 0.002318732440471649, 0.0032657012343406677, 0.0032472456805408, 0.0031284561846405268]
root - INFO - R2score_train: 0.8880226612091064 left: 45 right: 60 y_i: 7 nd_mean_2021-07-08
root - INFO - cuda_memory: 0 loss: [0.02110622450709343, 0.007994240149855614, 0.009318539872765541, 0.008784717880189419, 0.00690545653924346, 0.005177847575396299, 0.010554770939052105, 0.005200199317187071, 0.008092088624835014, 0.005806099623441696, 0.006694902665913105, 0.0054886071011424065, 0.003397217020392418, 0.004382218699902296, 0.0033331101294606924, 0.003920995630323887, 0.004406210035085678, 0.0033487468026578426, 0.0043892464600503445, 0.004563802853226662]
root - INFO - R2score_train: 0.8447312116622925 left: 46 right: 61 y_i: 7 nd_mean_2021-07-09
root - INFO - cuda_memory: 0 loss: [0.018026147037744522, 0.006852695718407631, 0.009671095758676529, 0.00783534161746502, 0.006524052005261183, 0.007103904616087675, 0.005536322016268969, 0.0055304341949522495, 0.006479623261839151, 0.0066723148338496685, 0.006077309139072895, 0.005574807524681091, 0.004768808837980032, 0.004115087911486626, 0.004283502697944641, 0.005311212036758661, 0.00459221052005887, 0.006317200604826212, 0.00433711800724268, 0.006484511774033308]
root - INFO - R2score_train: 0.9298725724220276 left: 47 right: 62 y_i: 7 nd_mean_2021-07-13
root - INFO - cuda_memory: 0 loss: [0.0548366904258728, 0.016676142811775208, 0.007662612944841385, 0.023299530148506165, 0.016272542998194695, 0.011476151645183563, 0.00962911732494831, 0.004369691945612431, 0.008193266578018665, 0.0035837802570313215, 0.0032592948991805315, 0.007970255799591541, 0.0035787601955235004, 0.0020792970899492502, 0.007526085712015629, 0.004316114820539951, 0.0022763924207538366, 0.00476200133562088, 0.005920987576246262, 0.005637294612824917]
root - INFO - R2score_train: 0.942907989025116 left: 48 right: 63 y_i: 7 nd_mean_2021-07-15
root - INFO - cuda_memory: 0 loss: [0.0745086520910263, 0.00883539579808712, 0.009463110938668251, 0.008856943808495998, 0.004720107652246952, 0.0055589317344129086, 0.004431459587067366, 0.0035222636070102453, 0.006284999195486307, 0.00617989432066679, 0.00472223199903965, 0.005543764214962721, 0.006122995633631945, 0.00798618234694004, 0.004853689577430487, 0.004865759983658791, 0.004458295181393623, 0.005033175926655531, 0.005129336379468441, 0.003878612071275711]
root - INFO - R2score_train: 0.9286948442459106 left: 49 right: 64 y_i: 7 nd_mean_2021-07-17
root - INFO - cuda_memory: 0 loss: [0.04357152432203293, 0.006441079080104828, 0.005875138565897942, 0.006546605844050646, 0.005726267118006945, 0.004319868516176939, 0.006041031796485186, 0.006024652160704136, 0.004090599250048399, 0.00764928013086319, 0.0060531459748744965, 0.006405571475625038, 0.005226547829806805, 0.00782843865454197, 0.005790275521576405, 0.005089316051453352, 0.004092247225344181, 0.005282744765281677, 0.006102073937654495, 0.003927316050976515]
root - INFO - R2score_train: 0.9428603649139404 left: 50 right: 65 y_i: 7 nd_mean_2021-07-20
root - INFO - cuda_memory: 0 loss: [0.057554058730602264, 0.01571229286491871, 0.0130079947412014, 0.010959506966173649, 0.007218471262603998, 0.005247335880994797, 0.006255974527448416, 0.005183852277696133, 0.005397943779826164, 0.005910593084990978, 0.0058208489790558815, 0.005376182962208986, 0.004871656186878681, 0.0038259595166891813, 0.003766995621845126, 0.00491459621116519, 0.0042794132605195045, 0.0036463201977312565, 0.00351050216704607, 0.003947732970118523]
root - INFO - R2score_train: 0.8546139001846313 left: 51 right: 66 y_i: 7 nd_mean_2021-07-26
root - INFO - cuda_memory: 0 loss: [0.049752894788980484, 0.019578982144594193, 0.016247941181063652, 0.011326620355248451, 0.009080460295081139, 0.010235096327960491, 0.011425657197833061, 0.008579915389418602, 0.011039813980460167, 0.010401762090623379, 0.010129976086318493, 0.009508238174021244, 0.008229189552366734, 0.008901402354240417, 0.00765316653996706, 0.010426667518913746, 0.010199308395385742, 0.007946168072521687, 0.011562490835785866, 0.0064722406677901745]
root - INFO - R2score_train: 0.9329741597175598 left: 52 right: 67 y_i: 7 nd_mean_2021-07-27
root - INFO - cuda_memory: 0 loss: [0.05156325176358223, 0.02140025980770588, 0.011944790370762348, 0.00912014115601778, 0.008236893452703953, 0.008056455291807652, 0.004694667644798756, 0.0051833027973771095, 0.005064569413661957, 0.004793934524059296, 0.006286103278398514, 0.0066166287288069725, 0.004948176443576813, 0.005025824997574091, 0.006102161947637796, 0.003951787482947111, 0.007576800882816315, 0.004426611587405205, 0.004688140004873276, 0.00521234143525362]
root - INFO - R2score_train: 0.8709639310836792 left: 53 right: 68 y_i: 7 nd_mean_2021-07-29
root - INFO - cuda_memory: 0 loss: [0.041826486587524414, 0.009214651770889759, 0.010141037404537201, 0.018729107454419136, 0.004294201731681824, 0.005644128192216158, 0.008386545814573765, 0.010054497979581356, 0.005119840614497662, 0.014777077361941338, 0.008239521645009518, 0.01350116916000843, 0.01370407547801733, 0.009760520420968533, 0.01380087435245514, 0.013065404258668423, 0.010985423810780048, 0.008638870902359486, 0.00724481325596571, 0.006302934139966965]
root - INFO - R2score_train: 0.9378777146339417 left: 54 right: 69 y_i: 7 nd_mean_2021-07-31
root - INFO - cuda_memory: 0 loss: [0.03270430862903595, 0.007642657496035099, 0.00921505969017744, 0.006417553871870041, 0.007521803490817547, 0.007644793018698692, 0.005749829113483429, 0.009928674437105656, 0.006213733926415443, 0.0033733134623616934, 0.003494979813694954, 0.003023775527253747, 0.007277573458850384, 0.0047204322181642056, 0.0038401226047426462, 0.012587012723088264, 0.0031596729531884193, 0.006778554525226355, 0.0068758586421608925, 0.00661330483853817]
root - INFO - R2score_train: 0.9274814128875732 left: 55 right: 70 y_i: 7 nd_mean_2021-08-01
root - INFO - cuda_memory: 0 loss: [0.04467931017279625, 0.025305692106485367, 0.01601896993815899, 0.010017752647399902, 0.009805308654904366, 0.009913347661495209, 0.009010559879243374, 0.0073856934905052185, 0.006155243143439293, 0.010030156001448631, 0.011129908263683319, 0.00800509937107563, 0.00736752524971962, 0.008018833585083485, 0.006445036735385656, 0.0062956130132079124, 0.006091322749853134, 0.005029894877225161, 0.004573395475745201, 0.005848342552781105]
root - INFO - R2score_train: 0.9288856387138367 left: 55 right: 70 y_i: 8 nd_mean_2021-08-07
root - INFO - cuda_memory: 0 loss: [0.06476832926273346, 0.06480438262224197, 0.02798798307776451, 0.011884257197380066, 0.006427316460758448, 0.005266747437417507, 0.00615881709381938, 0.00473405048251152, 0.005238362587988377, 0.00429184315726161, 0.005259085446596146, 0.004515247885137796, 0.0050047594122588634, 0.005000442732125521, 0.004832431208342314, 0.004535970278084278, 0.004462545271962881, 0.004250757861882448, 0.004881441593170166, 0.003628033446148038]
root - INFO - R2score_train: 0.7925460934638977 left: 55 right: 70 y_i: 9 nd_mean_2021-08-10
root - INFO - cuda_memory: 0 loss: [0.03212955594062805, 0.019368881359696388, 0.006548834033310413, 0.006615719757974148, 0.009999287314713001, 0.012803724966943264, 0.006225321441888809, 0.007196600083261728, 0.007055013906210661, 0.010045235976576805, 0.0056357355788350105, 0.006955471821129322, 0.006200819276273251, 0.0067886835895478725, 0.005453599151223898, 0.003622568678110838, 0.009493864141404629, 0.004988505970686674, 0.004734060261398554, 0.0041827913373708725]
root - INFO - R2score_train: 0.9054678678512573 left: 55 right: 70 y_i: 10 nd_mean_2021-08-11
root - INFO - cuda_memory: 0 loss: [0.035595983266830444, 0.010660606436431408, 0.008929692208766937, 0.006322208326309919, 0.005060999188572168, 0.005051539279520512, 0.004562724847346544, 0.004849440883845091, 0.0065615554340183735, 0.0050893728621304035, 0.005980005953460932, 0.004587879404425621, 0.004331157077103853, 0.004625696688890457, 0.005607254803180695, 0.005239530466496944, 0.00501872505992651, 0.003194076707586646, 0.00521267531439662, 0.004133083391934633]
root - INFO - R2score_train: 0.9047749042510986 left: 55 right: 70 y_i: 11 nd_mean_2021-08-12
root - INFO - cuda_memory: 0 loss: [0.04668295383453369, 0.043598588556051254, 0.04136989638209343, 0.0316120870411396, 0.0401734784245491, 0.045037902891635895, 0.03993525356054306, 0.03742004930973053, 0.046006496995687485, 0.04049051180481911, 0.01254049688577652, 0.008113863877952099, 0.006648806855082512, 0.007050568237900734, 0.0035093077458441257, 0.004480473231524229, 0.006199291907250881, 0.0031310981139540672, 0.003504726802930236, 0.0036855977959930897]
root - INFO - R2score_train: 0.7769643068313599 left: 55 right: 70 y_i: 12 nd_mean_2021-08-13
root - INFO - cuda_memory: 0 loss: [0.10744377970695496, 0.02056773379445076, 0.027969349175691605, 0.015830710530281067, 0.036795247346162796, 0.022568464279174805, 0.04568233713507652, 0.029203837737441063, 0.005096514709293842, 0.007282840553671122, 0.0030772839672863483, 0.006356292404234409, 0.0029252234380692244, 0.004646604415029287, 0.0069855512119829655, 0.005934744607657194, 0.004280686378479004, 0.0023160099517554045, 0.005866541061550379, 0.004984878934919834]
root - INFO - R2score_train: 0.8764047026634216 left: 55 right: 70 y_i: 13 nd_mean_2021-08-23
root - INFO - cuda_memory: 0 loss: [0.047561582177877426, 0.011656488291919231, 0.0057566179893910885, 0.005010407418012619, 0.0057933940552175045, 0.005015444941818714, 0.0051361252553761005, 0.005051288288086653, 0.005835322663187981, 0.004794192034751177, 0.004785088822245598, 0.004562902729958296, 0.004615160170942545, 0.005800096318125725, 0.00476894062012434, 0.004776012618094683, 0.005153404548764229, 0.00556410476565361, 0.0042988150380551815, 0.004166389349848032]
root - INFO - R2score_train: 0.8551594614982605 left: 55 right: 70 y_i: 14 nd_mean_2021-08-27
root - INFO - cuda_memory: 0 loss: [0.01434656698256731, 0.010188596323132515, 0.005075965542346239, 0.005278121214359999, 0.004756511654704809, 0.004471426829695702, 0.003724523587152362, 0.004581982735544443, 0.005092289764434099, 0.004184456542134285, 0.0044220308773219585, 0.0045508723706007, 0.003701198613271117, 0.005556396674364805, 0.00483152037486434, 0.0043306960724294186, 0.004043168388307095, 0.004429619759321213, 0.004873169120401144, 0.004515862558037043]
